********************************************************************************
查询数值报告, 已写入 Fri Oct  7 22:42:52 2022

Source
-------

   ODB: C:/Users/dongxh/Desktop/yancong/yancong/结构动力学p98_算例4.3/Job-1.odb
   Step: Step-1
   Frame: Mode         1: Value =   210.88     Freq =   2.3112     (cycles/time)
   Variable: U, Magnitude

已报告的查询值 在结点处

  Part Instance     Node ID            Orig. Coords                     Def. Coords          
                                 X          Y          Z          X          Y          Z    
-------------------------------------------------------------------------------------------
    ASSEMBLY  PART-1-1.1        0.0        0.0        1.0  -219.E-03   -20.E-03         1.
    ASSEMBLY  PART-2-1.1        0.0        0.0         2.  -471.E-03   -43.E-03         2.
    ASSEMBLY  PART-3-1.1        0.0        0.0         3.  -727.E-03   -67.E-03         3.
    ASSEMBLY  DIMIAN-1.1        0.0        0.0        0.0        0.0        0.0        0.0
    DIMIAN-1           1        0.0        0.0        0.0        0.0        0.0        0.0
    PART-1-1           1        0.0        0.0        1.0  -219.E-03   -20.E-03         1.
    PART-2-1           1        0.0        0.0         2.  -471.E-03   -43.E-03         2.
    PART-3-1           1        0.0        0.0         3.  -727.E-03   -67.E-03         3.


  Part Instance     Node ID  Attached elements  U, Magnitude
-------------------------------------------------------------
    ASSEMBLY  PART-1-1.1          1    NoValue
    ASSEMBLY  PART-1-1.1          4    NoValue
    ASSEMBLY  PART-1-1.1          7    NoValue
    ASSEMBLY  PART-1-1.1          5    NoValue
    ASSEMBLY  PART-1-1.1          8    NoValue
    ASSEMBLY  PART-1-1.1          6    NoValue
    ASSEMBLY  PART-1-1.1          9    NoValue
    ASSEMBLY  PART-2-1.1          2    NoValue
    ASSEMBLY  PART-2-1.1          7    NoValue
    ASSEMBLY  PART-2-1.1         10    NoValue
    ASSEMBLY  PART-2-1.1          8    NoValue
    ASSEMBLY  PART-2-1.1         11    NoValue
    ASSEMBLY  PART-2-1.1          9    NoValue
    ASSEMBLY  PART-2-1.1         12    NoValue
    ASSEMBLY  PART-3-1.1          3    NoValue
    ASSEMBLY  PART-3-1.1         10    NoValue
    ASSEMBLY  PART-3-1.1         11    NoValue
    ASSEMBLY  PART-3-1.1         12    NoValue
    ASSEMBLY  DIMIAN-1.1          4    NoValue
    ASSEMBLY  DIMIAN-1.1          5    NoValue
    ASSEMBLY  DIMIAN-1.1          6    NoValue
    DIMIAN-1           1     Elem-1        0.0
    PART-1-1           1     Elem-1   224.E-03
    PART-2-1           1     Elem-1   482.E-03
    PART-3-1           1     Elem-1   743.E-03


