Analysis initiated from SIMULIA established products
Abaqus JOB Job-1
Abaqus 2021
Abaqus License Manager checked out the following licenses:
Abaqus/Foundation checked out 3 tokens from Flexnet server localhost.
<9996 out of 9999 licenses remain available>.
Begin Analysis Input File Processor
2022/10/7 14:25:18
Run pre.exe
2022/10/7 14:25:32
End Analysis Input File Processor
Begin Abaqus/Standard Analysis
2022/10/7 14:25:32
Run standard.exe
2022/10/7 14:25:46
End Abaqus/Standard Analysis
Begin SIM Wrap-up
2022/10/7 14:25:48
Run SMASimUtility.exe
2022/10/7 14:25:49
End SIM Wrap-up
Abaqus JOB Job-1 COMPLETED
