1
0
1
ASSEMBLY
4
DIMIAN-1
DIMIAN
PART-1-1
PART-1
PART-2-1
PART-2
PART-3-1
PART-3
4
DIMIAN-1
1
1 1
1 1
PART-1-1
1
2 1
1 2
PART-2-1
1
3 1
1 3
PART-3-1
1
4 1
1 4
0
4
DIMIAN-1
0
PART-1-1
0
PART-2-1
0
PART-3-1
0
12
1 1
2 2
3 3
4 4
5 5
6 6
7 7
8 8
9 9
10 10
11 11
12 12
1 1
2 2
3 3
4 4
5 5
6 6
7 7
8 8
9 9
10 10
11 11
12 12
12
SET-1_INERTIA-1_
0
1
1
1 
0
0
SET-2_INERTIA-2_
0
1
1
2 
0
0
SET-3_INERTIA-3_
0
1
1
3 
0
0
SPRINGS/DASHPOTS-1-COPY-COPY-SPRING
0
1
1
6 
0
0
SPRINGS/DASHPOTS-1-COPY-SPRING
0
1
1
5 
0
0
SPRINGS/DASHPOTS-1-SPRING
0
1
1
4 
0
0
SPRINGS/DASHPOTS-4-COPY-COPY-SPRING
0
1
1
9 
0
0
SPRINGS/DASHPOTS-4-COPY-SPRING
0
1
1
8 
0
0
SPRINGS/DASHPOTS-4-SPRING
0
1
1
7 
0
0
SPRINGS/DASHPOTS-7-COPY-COPY-SPRING
0
1
1
12 
0
0
SPRINGS/DASHPOTS-7-COPY-SPRING
0
1
1
11 
0
0
SPRINGS/DASHPOTS-7-SPRING
0
1
1
10 
0
0
0
5

0
2
0
4
DIMIAN-1
1
1 
PART-1-1
1
2 
PART-2-1
1
3 
PART-3-1
1
4 
0
SET-1
0
1
0
1
PART-1-1
1
2 
0
SET-2
0
1
0
1
PART-2-1
1
3 
0
SET-22
0
1
0
1
DIMIAN-1
1
1 
0
SET-3
0
1
0
1
PART-3-1
1
4 
0
4
PART-1-1
2
 P       2
0
2
1
2 
0
0
PART-1-REFPT_
0
2
1
2 
0
0
0
PART-2-1
2
 P       3
0
2
1
3 
0
0
PART-2-REFPT_
0
2
1
3 
0
0
0
PART-3-1
2
 P       4
0
2
1
4 
0
0
PART-3-REFPT_
0
2
1
4 
0
0
0
DIMIAN-1
2
 P       1
0
2
1
1 
0
0
DIMIAN-REFPT_
0
2
1
1 
0
0
0
0
0
1
0
1
ASSEMBLY
4
DIMIAN-1
DIMIAN
PART-1-1
PART-1
PART-2-1
PART-2
PART-3-1
PART-3
4
DIMIAN-1
1
1 1
1 1
PART-1-1
1
2 1
1 2
PART-2-1
1
3 1
1 3
PART-3-1
1
4 1
1 4
0
4
DIMIAN-1
0
PART-1-1
0
PART-2-1
0
PART-3-1
0
12
1 1
2 2
3 3
4 4
5 5
6 6
7 7
8 8
9 9
10 10
11 11
12 12
1 1
2 2
3 3
4 4
5 5
6 6
7 7
8 8
9 9
10 10
11 11
12 12
12
SET-1_INERTIA-1_
0
1
1
1 
0
0
SET-2_INERTIA-2_
0
1
1
2 
0
0
SET-3_INERTIA-3_
0
1
1
3 
0
0
SPRINGS/DASHPOTS-1-COPY-COPY-SPRING
0
1
1
6 
0
0
SPRINGS/DASHPOTS-1-COPY-SPRING
0
1
1
5 
0
0
SPRINGS/DASHPOTS-1-SPRING
0
1
1
4 
0
0
SPRINGS/DASHPOTS-4-COPY-COPY-SPRING
0
1
1
9 
0
0
SPRINGS/DASHPOTS-4-COPY-SPRING
0
1
1
8 
0
0
SPRINGS/DASHPOTS-4-SPRING
0
1
1
7 
0
0
SPRINGS/DASHPOTS-7-COPY-COPY-SPRING
0
1
1
12 
0
0
SPRINGS/DASHPOTS-7-COPY-SPRING
0
1
1
11 
0
0
SPRINGS/DASHPOTS-7-SPRING
0
1
1
10 
0
0
0
5

0
2
0
4
DIMIAN-1
1
1 
PART-1-1
1
2 
PART-2-1
1
3 
PART-3-1
1
4 
0
SET-1
0
1
0
1
PART-1-1
1
2 
0
SET-2
0
1
0
1
PART-2-1
1
3 
0
SET-22
0
1
0
1
DIMIAN-1
1
1 
0
SET-3
0
1
0
1
PART-3-1
1
4 
0
4
PART-1-1
2
 P       2
0
2
1
2 
0
0
PART-1-REFPT_
0
2
1
2 
0
0
0
PART-2-1
2
 P       3
0
2
1
3 
0
0
PART-2-REFPT_
0
2
1
3 
0
0
0
PART-3-1
2
 P       4
0
2
1
4 
0
0
PART-3-REFPT_
0
2
1
4 
0
0
0
DIMIAN-1
2
 P       1
0
2
1
1 
0
0
DIMIAN-REFPT_
0
2
1
1 
0
0
0
0
0
